<?xml version="1.0" encoding="UTF-8"?>
<!-- Generated by org.testng.reporters.JUnitXMLReporter -->
<testsuite ignored="0" hostname="USER-PC" failures="0" tests="3" name="Default test" time="436.869" errors="0" timestamp="2021-06-07T11:46:49 PKT">
  <testcase classname="com.TsM.test1" name="firstTestCase" time="104.353"/>
  <testcase classname="com.TsM.test1" name="secondTestCase" time="206.652"/>
  <testcase classname="com.TsM.test1" name="thirdTestCase" time="125.573"/>
</testsuite> <!-- Default test -->
